2020/07/23 17:35:42 [server.go] Begin
2020-07-23T17:36:01+07:00: FROM: ::1 PUT: /api/update RETURN: 400
2020-07-23T17:37:18+07:00: FROM: ::1 PUT: /api/update RETURN: 400
2020-07-23T17:37:26+07:00: FROM: ::1 PUT: /api/update RETURN: 200
2020/07/23 17:42:28 [server.go] Begin
2020-07-23T17:42:31+07:00: FROM: ::1 PUT: /api/update RETURN: 200
2020-07-23T17:42:32+07:00: FROM: ::1 PUT: /api/update RETURN: 200
2020-07-23T17:46:54+07:00: FROM: ::1 PUT: /api/update RETURN: 200
2020-07-23T17:46:55+07:00: FROM: ::1 PUT: /api/update RETURN: 200
2020/07/23 17:50:26 [server.go] Begin
2020-07-23T17:50:28+07:00: FROM: ::1 PUT: /api/update RETURN: 400
2020/07/23 17:50:44 [server.go] Begin
2020-07-23T17:50:46+07:00: FROM: ::1 PUT: /api/update RETURN: 200
2020/07/23 17:51:06 [server.go] Begin
2020/07/23 17:51:08 
2020/07/23 17:51:08 
2020-07-23T17:51:08+07:00: FROM: ::1 PUT: /api/update RETURN: 200
2020/07/23 17:51:55 [server.go] Begin
2020-07-23T17:51:57+07:00: FROM: ::1 PUT: /api/update RETURN: 400
2020/07/23 17:53:21 [server.go] Begin
2020/07/23 17:53:24 
2020/07/23 17:53:24 
2020-07-23T17:53:24+07:00: FROM: ::1 PUT: /api/update RETURN: 200
2020/07/23 17:53:43 [server.go] Begin
2020/07/23 17:54:40 
2020/07/23 17:54:40 
2020-07-23T17:54:40+07:00: FROM: ::1 PUT: /api/update RETURN: 200
2020/07/23 17:54:55 
2020/07/23 17:54:55 
2020-07-23T17:54:55+07:00: FROM: ::1 PUT: /api/update RETURN: 200
2020/07/23 17:55:44 
2020/07/23 17:55:44 
2020-07-23T17:55:44+07:00: FROM: ::1 PUT: /api/update RETURN: 200
2020/07/23 17:55:57 [server.go] Begin
2020/07/23 17:56:01 
2020/07/23 17:56:01 
2020-07-23T17:56:01+07:00: FROM: ::1 PUT: /api/update RETURN: 200
2020/07/23 17:56:13 
2020/07/23 17:56:13 
2020-07-23T17:56:13+07:00: FROM: ::1 PUT: /api/update RETURN: 200
2020-07-23T18:41:03+07:00: FROM: ::1 PUT: /api/update RETURN: 400
2020/07/23 18:41:34 
2020/07/23 18:41:34 
2020-07-23T18:41:34+07:00: FROM: ::1 PUT: /api/update RETURN: 200
2020/07/23 18:42:00 
2020/07/23 18:42:00 
2020-07-23T18:42:00+07:00: FROM: ::1 PUT: /api/update RETURN: 200
2020-07-23T18:44:37+07:00: FROM: ::1 PUT--header: /api/update RETURN: 405
2020/07/23 18:45:22 
2020/07/23 18:45:22 
2020-07-23T18:45:22+07:00: FROM: ::1 PUT: /api/update RETURN: 200
2020/07/23 18:46:57 [server.go] Begin
2020/07/23 18:46:59 
2020/07/23 18:46:59 
2020-07-23T18:46:59+07:00: FROM: ::1 PUT: /api/update RETURN: 200
2020/07/23 18:47:50 
2020/07/23 18:47:50 
2020-07-23T18:47:50+07:00: FROM: ::1 PUT: /api/update RETURN: 200
2020/07/23 18:47:51 
2020/07/23 18:47:51 
2020-07-23T18:47:51+07:00: FROM: ::1 PUT: /api/update RETURN: 200
2020/07/23 18:48:04 [server.go] Begin
2020/07/23 18:48:07 
2020/07/23 18:48:07 
2020-07-23T18:48:07+07:00: FROM: ::1 PUT: /api/update RETURN: 200
2020/07/23 18:48:08 
2020/07/23 18:48:08 
2020-07-23T18:48:08+07:00: FROM: ::1 PUT: /api/update RETURN: 200
2020/07/23 18:49:29 [server.go] Begin
2020-07-23T18:49:31+07:00: FROM: ::1 PUT: /api/update RETURN: 200
2020-07-23T18:50:05+07:00: FROM: ::1 PUT: /api/update RETURN: 400
2020/07/23 18:50:10 [server.go] Begin
2020/07/23 18:50:24 [server.go] Begin
2020-07-23T18:50:26+07:00: FROM: ::1 PUT: /api/update RETURN: 200
2020/07/23 18:52:17 [server.go] Begin
2020-07-23T18:52:28+07:00: FROM: ::1 PUT: /api/update?expert=ran&token RETURN: 400
2020-07-23T18:52:30+07:00: FROM: ::1 PUT: /api/update?expert=ran&token= RETURN: 400
2020-07-23T18:52:44+07:00: FROM: ::1 PUT: /api/update?expert=ran&token=1.7 RETURN: 400
2020-07-23T18:53:21+07:00: FROM: ::1 PUT: /api/update?expert=ran&token=1.7 RETURN: 400
2020/07/23 18:53:29 [server.go] Begin
2020-07-23T18:53:32+07:00: FROM: ::1 PUT: /api/update?expert=ran&token=1.7 RETURN: 400
2020-07-23T18:53:35+07:00: FROM: ::1 PUT: /api/update RETURN: 200
2020-07-23T18:53:50+07:00: FROM: ::1 PUT: /api/update?expert=ran&token=1.7 RETURN: 400
2020/07/23 18:53:57 [server.go] Begin
2020-07-23T18:53:59+07:00: FROM: ::1 PUT: /api/update?expert=ran&token=1.7 RETURN: 400
2020-07-23T18:54:00+07:00: FROM: ::1 PUT: /api/update?expert=ran&token=1.7 RETURN: 400
2020/07/23 18:56:23 [server.go] Begin
2020/07/23 18:56:29 [server.go] Begin
2020-07-23T18:56:31+07:00: FROM: ::1 PUT: /api/update?expert=ran&token=1.7 RETURN: 415
2020-07-23T18:56:41+07:00: FROM: ::1 PUT: /api/update RETURN: 200
2020-07-23T18:56:53+07:00: FROM: ::1 PUT: /api/update?expert=ran&tag=1.7 RETURN: 415
2020-07-23T18:59:23+07:00: FROM: ::1 PUT: /api/update?expert=ran&tag=1.7 RETURN: 415
2020/07/23 18:59:30 [server.go] Begin
2020-07-23T18:59:33+07:00: FROM: ::1 PUT: /api/update?expert=ran&tag=1.7 RETURN: 415
2020-07-23T19:00:44+07:00: FROM: ::1 PUT: /api/update?Expert=ran&Tag=1.7 RETURN: 415
2020/07/23 19:00:52 [server.go] Begin
2020-07-23T19:00:54+07:00: FROM: ::1 PUT: /api/update?Expert=ran&Tag=1.7 RETURN: 415
2020-07-23T19:09:15+07:00: FROM: ::1 PUT: /api/update/ran/1.7 RETURN: 404
2020/07/23 19:09:32 [server.go] Begin
2020-07-23T19:09:35+07:00: FROM: ::1 PUT: /api/update/ran/1.7 RETURN: 415
2020-07-23T19:18:23+07:00: FROM: ::1 PUT: /api/update/ran/1.7 RETURN: 415
2020/07/23 19:18:32 [server.go] Begin
2020-07-23T19:18:34+07:00: FROM: ::1 PUT: /api/update/ran/1.7 RETURN: 415
2020/07/23 19:22:39 [server.go] Begin
2020-07-23T19:22:41+07:00: FROM: ::1 PUT: /api/update/ran/1.7 RETURN: 415
2020-07-23T19:23:35+07:00: FROM: ::1 PUT: /api/update/ran/1.7 RETURN: 415
2020/07/23 19:23:44 [server.go] Begin
2020-07-23T19:23:58+07:00: FROM: ::1 PUT: /api/update/ran/1.7 RETURN: 415
2020-07-23T19:24:00+07:00: FROM: ::1 PUT: /api/update/ran/1.7 RETURN: 415
2020-07-23T19:24:02+07:00: FROM: ::1 PUT: /api/update/ran/1.7 RETURN: 415
2020-07-23T19:24:09+07:00: FROM: ::1 PUT: /api/update RETURN: 404
2020/07/23 19:24:56 [server.go] Begin
2020-07-23T19:24:58+07:00: FROM: ::1 PUT: /api/update RETURN: 200
2020-07-23T19:25:22+07:00: FROM: ::1 PUT: /api/update RETURN: 200
2020/07/23 19:25:30 [server.go] Begin
2020-07-23T19:25:32+07:00: FROM: ::1 PUT: /api/update RETURN: 200
2020-07-23T19:25:51+07:00: FROM: ::1 PUT: /api/update?expert=ran RETURN: 415
2020/07/23 19:36:06 [server.go] Begin
2020/07/23 19:36:08 ran
2020/07/23 19:36:08 
2020-07-23T19:36:08+07:00: FROM: ::1 PUT: /api/update?expert=ran RETURN: 415
2020/07/23 19:36:57 [server.go] Begin
2020/07/23 19:36:59 ran
2020/07/23 19:36:59 
2020/07/23 19:41:18 ran
2020/07/23 19:41:18 
2020/07/23 19:41:26 [server.go] Begin
2020/07/23 19:41:28 ran
2020/07/23 19:41:28 
2020-07-23T19:41:28+07:00: FROM: ::1 PUT: /api/update?expert=ran RETURN: 200
2020/07/23 19:42:22 ran
2020/07/23 19:42:22 
2020-07-23T19:42:22+07:00: FROM: ::1 PUT: /api/update?expert=ran RETURN: 200
2020/07/23 19:42:31 [server.go] Begin
2020/07/23 19:42:38 ran
2020/07/23 19:42:38 1.0
2020-07-23T19:42:38+07:00: FROM: ::1 PUT: /api/update?expert=ran&tag=1.0 RETURN: 200
2020/07/23 19:44:37 [server.go] Begin
2020/07/23 19:44:40 ran
2020/07/23 19:44:40 1.0
2020-07-23T19:44:40+07:00: FROM: ::1 PUT: /api/update?expert=ran&tag=1.0 RETURN: 200
2020/07/23 20:35:34 ran
2020/07/23 20:35:34 1.0
2020-07-23T20:35:34+07:00: FROM: ::1 PUT: /api/update?expert=ran&tag=1.0 RETURN: 200
2020/07/23 20:35:44 [server.go] Begin
2020-07-23T20:35:47+07:00: FROM: ::1 PUT: /api/update?expert=ran&tag=1.0 RETURN: 200
2020/07/23 23:38:09 [server.go] Begin
2020/07/23 23:40:30 [token.go] Begin
2020/07/23 23:40:30 [token.go] Generate token for user yort
2020/07/23 23:40:30 [token.go] End
2020-07-23T23:40:30+07:00: FROM: ::1 POST: /token?username=yort RETURN: 200
2020-07-23T23:43:23+07:00: FROM: ::1 PUT: /update?expert=%22ran%22&tag=%221.0%22 RETURN: 404
2020/07/23 23:43:32 [server.go] Begin
2020-07-23T23:43:50+07:00: FROM: ::1 PUT: /update?expert=ran&tag=1.0 RETURN: 404
2020-07-23T23:47:49+07:00: FROM: ::1 PUT: /api/update?expert=ran&tag=1.0 RETURN: 400
2020/07/23 23:47:59 [database.go] Begin
2020/07/23 23:47:59 [database.go] Create a database client
2020/07/23 23:47:59 [database.go] Create a connection to mongodb://warehouse_mongo:27017
2020/07/23 23:47:59 [api.go] List scores
2020/07/23 23:48:29 [api.go] server selection error: server selection timeout, current topology: { Type: Unknown, Servers: [{ Addr: warehouse_mongo:27017, Type: Unknown, State: Connected, Average RTT: 0, Last error: connection() : dial tcp: lookup warehouse_mongo: no such host }, ] }
2020/07/23 23:48:29 [api.go] Disconnect from database server
2020/07/23 23:50:22 [token.go] Begin
2020/07/23 23:50:22 [token.go] Generate token for user dome
2020/07/23 23:50:22 [token.go] End
2020-07-23T23:50:22+07:00: FROM: ::1 POST: /token?username=dome RETURN: 200
2020/07/23 23:50:56 [database.go] Begin
2020/07/23 23:50:56 [database.go] Create a database client
2020/07/23 23:50:56 [database.go] Create a connection to mongodb://warehouse_mongo:27017
2020/07/23 23:50:56 [api.go] List scores
2020/07/23 23:51:26 [api.go] server selection error: server selection timeout, current topology: { Type: Unknown, Servers: [{ Addr: warehouse_mongo:27017, Type: Unknown, State: Connected, Average RTT: 0, Last error: connection() : dial tcp: lookup warehouse_mongo: no such host }, ] }
2020/07/23 23:51:26 [api.go] Disconnect from database server
2020/07/23 23:52:51 [server.go] Begin
2020/07/23 23:52:54 [database.go] Begin
2020/07/23 23:52:54 [database.go] Create a database client
2020/07/23 23:52:54 [database.go] Create a connection to mongodb://warehouse_mongo:27017
2020/07/23 23:52:54 [api.go] List scores
2020/07/23 23:52:54 [api.go] BulkWrite: &{0 0 0 0 4 map[0:ObjectID("5f19c06609c889f6442d9f33") 1:ObjectID("5f19c06609c889f6442d9f34") 2:ObjectID("5f19c06609c889f6442d9f35") 3:ObjectID("5f19c06609c889f6442d9f36")]}
2020/07/23 23:52:54 [api.go] Disconnect from database server
2020-07-23T23:52:54+07:00: FROM: ::1 PUT: /api/update?expert=ran&tag=1.0 RETURN: 200
2020/07/23 23:53:03 [database.go] Begin
2020/07/23 23:53:03 [database.go] Create a database client
2020/07/23 23:53:03 [database.go] Create a connection to mongodb://warehouse_mongo:27017
2020/07/23 23:53:03 [api.go] List scores
2020/07/23 23:53:03 [api.go] BulkWrite: &{0 0 0 0 4 map[0:ObjectID("5f19c06f09c889f6442d9f3b") 1:ObjectID("5f19c06f09c889f6442d9f3c") 2:ObjectID("5f19c06f09c889f6442d9f3d") 3:ObjectID("5f19c06f09c889f6442d9f3e")]}
2020/07/23 23:53:03 [api.go] Disconnect from database server
2020-07-23T23:53:03+07:00: FROM: ::1 PUT: /api/update?expert=ran&tag=1.0 RETURN: 200
2020/07/23 23:53:07 [database.go] Begin
2020/07/23 23:53:07 [database.go] Create a database client
2020/07/23 23:53:07 [database.go] Create a connection to mongodb://warehouse_mongo:27017
2020/07/23 23:53:07 [api.go] List scores
2020/07/23 23:53:07 [api.go] BulkWrite: &{0 0 0 0 4 map[0:ObjectID("5f19c07309c889f6442d9f43") 1:ObjectID("5f19c07309c889f6442d9f44") 2:ObjectID("5f19c07309c889f6442d9f45") 3:ObjectID("5f19c07309c889f6442d9f46")]}
2020/07/23 23:53:07 [api.go] Disconnect from database server
2020-07-23T23:53:07+07:00: FROM: ::1 PUT: /api/update?expert=ran&tag=1.0 RETURN: 200
