2020/07/24 00:05:06 [server.go] Begin
2020/07/24 00:05:35 [database.go] Begin
2020/07/24 00:05:35 [database.go] Create a database client
2020/07/24 00:05:35 [database.go] Create a connection to mongodb://warehouse_mongo:27017
2020/07/24 00:05:35 [api.go] decorate struct score
2020/07/24 00:05:35 [api.go] BulkWrite: &{0 0 0 0 4 map[0:ObjectID("5f19c35f09c889f6442d9f9b") 1:ObjectID("5f19c35f09c889f6442d9f9c") 2:ObjectID("5f19c35f09c889f6442d9f9d") 3:ObjectID("5f19c35f09c889f6442d9f9e")]}
2020/07/24 00:05:35 [api.go] Disconnect from database server
2020-07-24T00:05:35+07:00: FROM: ::1 PUT: /api/update?expert=ran&tag=1.0 RETURN: 200
2020/07/24 00:05:40 [database.go] Begin
2020/07/24 00:05:40 [database.go] Create a database client
2020/07/24 00:05:40 [database.go] Create a connection to mongodb://warehouse_mongo:27017
2020/07/24 00:05:40 [api.go] decorate struct score
2020/07/24 00:05:40 [api.go] BulkWrite: &{0 0 0 0 4 map[0:ObjectID("5f19c36409c889f6442d9fa3") 1:ObjectID("5f19c36409c889f6442d9fa4") 2:ObjectID("5f19c36409c889f6442d9fa5") 3:ObjectID("5f19c36409c889f6442d9fa6")]}
2020/07/24 00:05:40 [api.go] Disconnect from database server
2020-07-24T00:05:40+07:00: FROM: ::1 PUT: /api/update?expert=ran&tag=1.0 RETURN: 200
2020/07/24 00:09:29 [server.go] Begin
2020/07/24 00:09:32 [database.go] Begin
2020/07/24 00:09:32 [database.go] Create a database client
2020/07/24 00:09:32 [database.go] Create a connection to mongodb://warehouse_mongo:27017
2020/07/24 00:09:32 [api.go] decorate struct score
2020/07/24 00:09:32 [api.go] BulkWrite: &{0 0 0 0 4 map[0:ObjectID("5f19c44c09c889f6442d9fef") 1:ObjectID("5f19c44c09c889f6442d9ff0") 2:ObjectID("5f19c44c09c889f6442d9ff1") 3:ObjectID("5f19c44c09c889f6442d9ff2")]}
2020/07/24 00:09:32 [api.go] Disconnect from database server
2020-07-24T00:09:32+07:00: FROM: ::1 PUT: /api/update?expert=ran&tag=1.0 RETURN: 200
2020/07/24 00:09:54 [database.go] Begin
2020/07/24 00:09:54 [database.go] Create a database client
2020/07/24 00:09:54 [database.go] Create a connection to mongodb://warehouse_mongo:27017
2020/07/24 00:09:54 [api.go] decorate struct score
2020/07/24 00:09:54 [api.go] BulkWrite: &{0 0 0 0 4 map[0:ObjectID("5f19c46209c889f6442d9ff9") 1:ObjectID("5f19c46209c889f6442d9ffa") 2:ObjectID("5f19c46209c889f6442d9ffb") 3:ObjectID("5f19c46209c889f6442d9ffc")]}
2020/07/24 00:09:54 [api.go] Disconnect from database server
2020-07-24T00:09:54+07:00: FROM: ::1 PUT: /api/update?expert=ran&tag=1.0 RETURN: 200
2020/07/24 00:10:02 [server.go] Begin
2020/07/24 00:10:05 [database.go] Begin
2020/07/24 00:10:05 [database.go] Create a database client
2020/07/24 00:10:05 [database.go] Create a connection to mongodb://warehouse_mongo:27017
2020/07/24 00:10:05 [api.go] decorate struct score
2020/07/24 00:10:05 [api.go] BulkWrite: &{0 4 4 0 0 map[]}
2020/07/24 00:10:05 [api.go] Disconnect from database server
2020-07-24T00:10:05+07:00: FROM: ::1 PUT: /api/update?expert=ran&tag=1.0 RETURN: 200
2020/07/24 00:10:16 [database.go] Begin
2020/07/24 00:10:16 [database.go] Create a database client
2020/07/24 00:10:16 [database.go] Create a connection to mongodb://warehouse_mongo:27017
2020/07/24 00:10:16 [api.go] decorate struct score
2020/07/24 00:10:16 [api.go] BulkWrite: &{0 0 0 0 4 map[0:ObjectID("5f19c47809c889f6442da00f") 1:ObjectID("5f19c47809c889f6442da010") 2:ObjectID("5f19c47809c889f6442da011") 3:ObjectID("5f19c47809c889f6442da012")]}
2020/07/24 00:10:16 [api.go] Disconnect from database server
2020-07-24T00:10:16+07:00: FROM: ::1 PUT: /api/update?expert=ran&tag=1.0 RETURN: 200
2020/07/24 00:10:18 [database.go] Begin
2020/07/24 00:10:18 [database.go] Create a database client
2020/07/24 00:10:18 [database.go] Create a connection to mongodb://warehouse_mongo:27017
2020/07/24 00:10:18 [api.go] decorate struct score
2020/07/24 00:10:18 [api.go] BulkWrite: &{0 4 4 0 0 map[]}
2020/07/24 00:10:18 [api.go] Disconnect from database server
2020-07-24T00:10:18+07:00: FROM: ::1 PUT: /api/update?expert=ran&tag=1.0 RETURN: 200
2020/07/24 00:10:24 [database.go] Begin
2020/07/24 00:10:24 [database.go] Create a database client
2020/07/24 00:10:24 [database.go] Create a connection to mongodb://warehouse_mongo:27017
2020/07/24 00:10:24 [api.go] decorate struct score
2020/07/24 00:10:24 [api.go] BulkWrite: &{0 2 2 0 2 map[0:ObjectID("5f19c48009c889f6442da01d") 1:ObjectID("5f19c48009c889f6442da01e")]}
2020/07/24 00:10:24 [api.go] Disconnect from database server
2020-07-24T00:10:24+07:00: FROM: ::1 PUT: /api/update?expert=ran&tag=2.0 RETURN: 200
2020-07-24T00:37:57+07:00: FROM: ::1 GET: /api/find?expert=ran&tag= RETURN: 200
2020-07-24T00:38:40+07:00: FROM: ::1 GET: /api/find?symbol=AAPL&exchange=US&expert=ran&tag= RETURN: 200
2020-07-24T00:39:32+07:00: FROM: ::1 GET: /api/find?symbol=AAPL&exchange=US&expert=ran&tag=1.0 RETURN: 200
2020-07-24T00:40:43+07:00: FROM: ::1 GET: /api/find?symbol=aapl&exchange=us&expert=ran&tag=1.0 RETURN: 200
2020/07/24 00:43:12 [server.go] Begin
2020/07/24 00:43:25 [server.go] Begin
2020/07/24 00:43:29 [database.go] Begin
2020/07/24 00:43:29 [database.go] Create a database client
2020/07/24 00:43:29 [database.go] Create a connection to mongodb://warehouse_mongo:27017
2020/07/24 00:43:29 [api.go] Disconnect from database server
2020-07-24T00:43:29+07:00: FROM: ::1 GET: /api/find?symbol=aapl&exchange=us&expert=ran&tag=1.0 RETURN: 200
2020/07/24 00:43:43 [database.go] Begin
2020/07/24 00:43:43 [database.go] Create a database client
2020/07/24 00:43:43 [database.go] Create a connection to mongodb://warehouse_mongo:27017
2020/07/24 00:43:43 [api.go] Disconnect from database server
2020-07-24T00:43:43+07:00: FROM: ::1 GET: /api/find?expert=ran&tag=1.0& RETURN: 200
2020/07/24 00:43:45 [database.go] Begin
2020/07/24 00:43:45 [database.go] Create a database client
2020/07/24 00:43:45 [database.go] Create a connection to mongodb://warehouse_mongo:27017
2020/07/24 00:43:45 [api.go] Disconnect from database server
2020-07-24T00:43:45+07:00: FROM: ::1 GET: /api/find?expert=ran&tag=1.0 RETURN: 200
2020/07/24 00:44:56 [server.go] Begin
2020/07/24 00:44:58 [database.go] Begin
2020/07/24 00:44:58 [database.go] Create a database client
2020/07/24 00:44:58 [database.go] Create a connection to mongodb://warehouse_mongo:27017
2020/07/24 00:44:58 [api.go] Disconnect from database server
2020/07/24 00:45:36 [server.go] Begin
2020/07/24 00:45:43 [server.go] Begin
2020/07/24 00:45:45 [database.go] Begin
2020/07/24 00:45:45 [database.go] Create a database client
2020/07/24 00:45:45 [database.go] Create a connection to mongodb://warehouse_mongo:27017
2020/07/24 00:45:45 [api.go] Disconnect from database server
2020-07-24T00:45:45+07:00: FROM: ::1 GET: /api/find?%20expert=ran&tag=1.0 RETURN: 200
2020/07/24 00:45:54 [database.go] Begin
2020/07/24 00:45:54 [database.go] Create a database client
2020/07/24 00:45:54 [database.go] Create a connection to mongodb://warehouse_mongo:27017
2020/07/24 00:45:54 [api.go] Disconnect from database server
2020-07-24T00:45:54+07:00: FROM: ::1 GET: /api/find?expert=ran&tag=1.0 RETURN: 200
2020/07/24 00:46:01 [database.go] Begin
2020/07/24 00:46:01 [database.go] Create a database client
2020/07/24 00:46:01 [database.go] Create a connection to mongodb://warehouse_mongo:27017
2020/07/24 00:46:01 [api.go] Disconnect from database server
2020-07-24T00:46:01+07:00: FROM: ::1 GET: /api/find?symbol=aapl&exchange=us&expert=ran&tag=1.0 RETURN: 200
2020/07/24 00:47:44 [server.go] Begin
2020/07/24 00:48:13 [database.go] Begin
2020/07/24 00:48:13 [database.go] Create a database client
2020/07/24 00:48:13 [database.go] Create a connection to mongodb://warehouse_mongo:27017
2020/07/24 00:48:13 [api.go] Disconnect from database server
2020-07-24T00:48:13+07:00: FROM: ::1 GET: /api/find?symbol=aapl&exchange=us&expert=ran&tag=1.0 RETURN: 200
2020/07/24 00:48:43 [database.go] Begin
2020/07/24 00:48:43 [database.go] Create a database client
2020/07/24 00:48:43 [database.go] Create a connection to mongodb://warehouse_mongo:27017
2020/07/24 00:48:43 [api.go] Disconnect from database server
2020-07-24T00:48:43+07:00: FROM: ::1 GET: /api/find?symbol=aapl&exchange=us&expert=ran&tag= RETURN: 200
2020/07/24 00:49:27 [server.go] Begin
2020/07/24 00:49:30 [database.go] Begin
2020/07/24 00:49:30 [database.go] Create a database client
2020/07/24 00:49:30 [database.go] Create a connection to mongodb://warehouse_mongo:27017
2020/07/24 00:49:31 [api.go] Disconnect from database server
2020-07-24T00:49:31+07:00: FROM: ::1 GET: /api/find?symbol=aapl&exchange=us&expert=ran&tag= RETURN: 200
2020/07/24 00:51:00 [server.go] Begin
2020/07/24 00:51:06 [database.go] Begin
2020/07/24 00:51:06 [database.go] Create a database client
2020/07/24 00:51:06 [database.go] Create a connection to mongodb://warehouse_mongo:27017
2020/07/24 00:51:06 [api.go] Disconnect from database server
2020/07/24 00:52:01 [database.go] Begin
2020/07/24 00:52:01 [database.go] Create a database client
2020/07/24 00:52:01 [database.go] Create a connection to mongodb://warehouse_mongo:27017
2020/07/24 00:52:01 [api.go] Disconnect from database server
2020/07/24 00:56:28 [server.go] Begin
2020/07/24 00:56:33 [database.go] Begin
2020/07/24 00:56:33 [database.go] Create a database client
2020/07/24 00:56:33 [database.go] Create a connection to mongodb://warehouse_mongo:27017
2020/07/24 00:56:33 [api.go] Disconnect from database server
2020-07-24T00:56:33+07:00: FROM: ::1 GET: /api/find?symbol=aapl&exchange=us&expert=ran&tag= RETURN: 200
2020/07/24 00:57:07 [database.go] Begin
2020/07/24 00:57:07 [database.go] Create a database client
2020/07/24 00:57:07 [database.go] Create a connection to mongodb://warehouse_mongo:27017
2020/07/24 00:57:07 [api.go] Disconnect from database server
2020-07-24T00:57:07+07:00: FROM: ::1 GET: /api/find?symbol=aapl&exchange=us&expert=ran&tag= RETURN: 200
2020/07/24 00:57:16 [server.go] Begin
2020/07/24 00:57:18 [database.go] Begin
2020/07/24 00:57:18 [database.go] Create a database client
2020/07/24 00:57:18 [database.go] Create a connection to mongodb://warehouse_mongo:27017
2020/07/24 00:57:18 [api.go] Disconnect from database server
2020-07-24T00:57:18+07:00: FROM: ::1 GET: /api/find?symbol=aapl&exchange=us&expert=ran&tag= RETURN: 200
2020/07/24 00:57:35 [database.go] Begin
2020/07/24 00:57:35 [database.go] Create a database client
2020/07/24 00:57:35 [database.go] Create a connection to mongodb://warehouse_mongo:27017
2020/07/24 00:57:35 [api.go] decorate struct score
2020/07/24 00:57:35 [api.go] BulkWrite: &{0 4 4 0 0 map[]}
2020/07/24 00:57:35 [api.go] Disconnect from database server
2020-07-24T00:57:35+07:00: FROM: ::1 PUT: /api/update?expert=dome&tag=2.0 RETURN: 200
2020/07/24 00:57:41 [database.go] Begin
2020/07/24 00:57:41 [database.go] Create a database client
2020/07/24 00:57:41 [database.go] Create a connection to mongodb://warehouse_mongo:27017
2020/07/24 00:57:41 [api.go] decorate struct score
2020/07/24 00:57:41 [api.go] BulkWrite: &{0 4 4 0 0 map[]}
2020/07/24 00:57:41 [api.go] Disconnect from database server
2020-07-24T00:57:41+07:00: FROM: ::1 PUT: /api/update?expert=dome&tag=2.0 RETURN: 200
2020/07/24 00:59:21 [database.go] Begin
2020/07/24 00:59:21 [database.go] Create a database client
2020/07/24 00:59:21 [database.go] Create a connection to mongodb://warehouse_mongo:27017
2020/07/24 00:59:21 [api.go] decorate struct score
2020/07/24 00:59:21 [api.go] BulkWrite: &{0 4 4 0 0 map[]}
2020/07/24 00:59:21 [api.go] Disconnect from database server
2020-07-24T00:59:21+07:00: FROM: ::1 PUT: /api/update?expert=&tag=2.0 RETURN: 200
2020/07/24 01:15:12 [server.go] Begin
2020-07-24T01:15:24+07:00: FROM: ::1 PUT: /api/update?expert=&tag=2.0 RETURN: 400
2020/07/24 01:15:37 [database.go] Begin
2020/07/24 01:15:37 [database.go] Create a database client
2020/07/24 01:15:37 [database.go] Create a connection to mongodb://warehouse_mongo:27017
2020/07/24 01:15:37 [api.go] decorate struct score
2020/07/24 01:15:37 [api.go] BulkWrite: &{0 0 0 0 4 map[0:ObjectID("5f19d3c909c889f6442da499") 1:ObjectID("5f19d3c909c889f6442da49a") 2:ObjectID("5f19d3c909c889f6442da49b") 3:ObjectID("5f19d3c909c889f6442da49c")]}
2020/07/24 01:15:37 [api.go] Disconnect from database server
2020-07-24T01:15:37+07:00: FROM: ::1 PUT: /api/update?expert=ran&tag=2.0 RETURN: 200
2020/07/24 01:15:47 [database.go] Begin
2020/07/24 01:15:47 [database.go] Create a database client
2020/07/24 01:15:47 [database.go] Create a connection to mongodb://warehouse_mongo:27017
2020/07/24 01:15:47 [api.go] decorate struct score
2020/07/24 01:15:47 [api.go] BulkWrite: &{0 0 0 0 4 map[0:ObjectID("5f19d3d309c889f6442da4a3") 1:ObjectID("5f19d3d309c889f6442da4a4") 2:ObjectID("5f19d3d309c889f6442da4a5") 3:ObjectID("5f19d3d309c889f6442da4a6")]}
2020/07/24 01:15:47 [api.go] Disconnect from database server
2020-07-24T01:15:47+07:00: FROM: ::1 PUT: /api/update?expert=dome&tag=1.0 RETURN: 200
2020/07/24 01:15:50 [database.go] Begin
2020/07/24 01:15:50 [database.go] Create a database client
2020/07/24 01:15:50 [database.go] Create a connection to mongodb://warehouse_mongo:27017
2020/07/24 01:15:50 [api.go] decorate struct score
2020/07/24 01:15:50 [api.go] BulkWrite: &{0 2 2 0 2 map[0:ObjectID("5f19d3d609c889f6442da4ad") 1:ObjectID("5f19d3d609c889f6442da4ae")]}
2020/07/24 01:15:50 [api.go] Disconnect from database server
2020-07-24T01:15:50+07:00: FROM: ::1 PUT: /api/update?expert=ran&tag=1.0 RETURN: 200
2020-07-24T01:15:59+07:00: FROM: ::1 PUT: /api/update?expert=win&tag= RETURN: 400
2020/07/24 01:16:04 [database.go] Begin
2020/07/24 01:16:04 [database.go] Create a database client
2020/07/24 01:16:04 [database.go] Create a connection to mongodb://warehouse_mongo:27017
2020/07/24 01:16:04 [api.go] decorate struct score
2020/07/24 01:16:04 [api.go] BulkWrite: &{0 0 0 0 4 map[0:ObjectID("5f19d3e409c889f6442da4b7") 1:ObjectID("5f19d3e409c889f6442da4b8") 2:ObjectID("5f19d3e409c889f6442da4b9") 3:ObjectID("5f19d3e409c889f6442da4ba")]}
2020/07/24 01:16:04 [api.go] Disconnect from database server
2020-07-24T01:16:04+07:00: FROM: ::1 PUT: /api/update?expert=win&tag=2.0 RETURN: 200
2020/07/24 01:16:06 [database.go] Begin
2020/07/24 01:16:06 [database.go] Create a database client
2020/07/24 01:16:06 [database.go] Create a connection to mongodb://warehouse_mongo:27017
2020/07/24 01:16:06 [api.go] decorate struct score
2020/07/24 01:16:06 [api.go] BulkWrite: &{0 4 4 0 0 map[]}
2020/07/24 01:16:06 [api.go] Disconnect from database server
2020-07-24T01:16:06+07:00: FROM: ::1 PUT: /api/update?expert=win&tag=2.0 RETURN: 200
2020/07/24 01:16:13 [database.go] Begin
2020/07/24 01:16:13 [database.go] Create a database client
2020/07/24 01:16:13 [database.go] Create a connection to mongodb://warehouse_mongo:27017
2020/07/24 01:16:13 [api.go] decorate struct score
2020/07/24 01:16:13 [api.go] BulkWrite: &{0 2 2 0 2 map[0:ObjectID("5f19d3ed09c889f6442da4c7") 1:ObjectID("5f19d3ed09c889f6442da4c8")]}
2020/07/24 01:16:13 [api.go] Disconnect from database server
2020-07-24T01:16:13+07:00: FROM: ::1 PUT: /api/update?expert=win&tag=3.0 RETURN: 200
2020/07/24 01:19:31 [database.go] Begin
2020/07/24 01:19:31 [database.go] Create a database client
2020/07/24 01:19:31 [database.go] Create a connection to mongodb://warehouse_mongo:27017
2020/07/24 01:19:31 [api.go] Disconnect from database server
2020-07-24T01:19:31+07:00: FROM: ::1 GET: /api/find?symbol=aapl&exchange=us&expert=ran&tag= RETURN: 200
2020/07/24 01:20:56 [server.go] Begin
2020/07/24 01:21:00 [database.go] Begin
2020/07/24 01:21:00 [database.go] Create a database client
2020/07/24 01:21:00 [database.go] Create a connection to mongodb://warehouse_mongo:27017
2020/07/24 01:21:00 [api.go] Disconnect from database server
2020-07-24T01:21:00+07:00: FROM: ::1 GET: /api/find?symbol=aapl&exchange=us&expert=ran&tag= RETURN: 200
2020-07-24T01:21:05+07:00: FROM: ::1 GET: /api/find?symbol=aapl&exchange=us&expert=&tag= RETURN: 400
2020/07/24 01:21:45 [server.go] Begin
2020/07/24 01:21:48 [database.go] Begin
2020/07/24 01:21:48 [database.go] Create a database client
2020/07/24 01:21:48 [database.go] Create a connection to mongodb://warehouse_mongo:27017
2020/07/24 01:21:48 [api.go] Disconnect from database server
2020-07-24T01:21:48+07:00: FROM: ::1 GET: /api/find?symbol=aapl&exchange=us&expert=ran&tag= RETURN: 200
2020/07/24 01:22:22 [database.go] Begin
2020/07/24 01:22:22 [database.go] Create a database client
2020/07/24 01:22:22 [database.go] Create a connection to mongodb://warehouse_mongo:27017
2020/07/24 01:22:22 [api.go] Disconnect from database server
2020-07-24T01:22:22+07:00: FROM: ::1 GET: /api/find?symbol=&exchange=us&expert=ran&tag= RETURN: 200
2020/07/24 01:22:51 [database.go] Begin
2020/07/24 01:22:51 [database.go] Create a database client
2020/07/24 01:22:51 [database.go] Create a connection to mongodb://warehouse_mongo:27017
2020/07/24 01:22:51 [api.go] Disconnect from database server
2020-07-24T01:22:51+07:00: FROM: ::1 GET: /api/find?symbol=&exchange=&expert=ran&tag= RETURN: 200
2020/07/24 01:24:18 [server.go] Begin
2020/07/24 01:24:21 [database.go] Begin
2020/07/24 01:24:21 [database.go] Create a database client
2020/07/24 01:24:21 [database.go] Create a connection to mongodb://warehouse_mongo:27017
2020/07/24 01:24:21 [api.go] Disconnect from database server
2020-07-24T01:24:21+07:00: FROM: ::1 GET: /api/find?symbol=&exchange=&expert=ran&tag= RETURN: 200
2020/07/24 01:24:24 [database.go] Begin
2020/07/24 01:24:24 [database.go] Create a database client
2020/07/24 01:24:24 [database.go] Create a connection to mongodb://warehouse_mongo:27017
2020/07/24 01:24:25 [api.go] Disconnect from database server
2020-07-24T01:24:25+07:00: FROM: ::1 GET: /api/find?symbol=&exchange=&expert=ran&tag= RETURN: 200
2020/07/24 01:24:30 [database.go] Begin
2020/07/24 01:24:30 [database.go] Create a database client
2020/07/24 01:24:30 [database.go] Create a connection to mongodb://warehouse_mongo:27017
2020/07/24 01:24:30 [api.go] Disconnect from database server
2020-07-24T01:24:30+07:00: FROM: ::1 GET: /api/find?&expert=ran&tag= RETURN: 200
2020/07/24 01:24:37 [database.go] Begin
2020/07/24 01:24:37 [database.go] Create a database client
2020/07/24 01:24:37 [database.go] Create a connection to mongodb://warehouse_mongo:27017
2020/07/24 01:24:37 [api.go] Disconnect from database server
2020-07-24T01:24:37+07:00: FROM: ::1 GET: /api/find?expert=ran&tag=2.0 RETURN: 200
2020/07/24 01:24:59 [server.go] Begin
2020/07/24 01:25:01 [database.go] Begin
2020/07/24 01:25:01 [database.go] Create a database client
2020/07/24 01:25:01 [database.go] Create a connection to mongodb://warehouse_mongo:27017
2020/07/24 01:25:01 [api.go] Disconnect from database server
2020-07-24T01:25:01+07:00: FROM: ::1 GET: /api/find?expert=ran&tag=2.0 RETURN: 200
2020/07/24 01:26:50 [server.go] Begin
2020/07/24 01:27:26 [server.go] Begin
2020/07/24 01:27:34 [server.go] Begin
2020/07/24 01:27:42 [database.go] Begin
2020/07/24 01:27:42 [database.go] Create a database client
2020/07/24 01:27:42 [database.go] Create a connection to mongodb://warehouse_mongo:27017
2020/07/24 01:27:42 [api.go] Disconnect from database server
2020-07-24T01:27:42+07:00: FROM: ::1 GET: /api/find?expert=ran&tag=2.0 RETURN: 200
2020/07/24 01:27:54 [database.go] Begin
2020/07/24 01:27:54 [database.go] Create a database client
2020/07/24 01:27:54 [database.go] Create a connection to mongodb://warehouse_mongo:27017
2020/07/24 01:27:54 [api.go] Disconnect from database server
2020-07-24T01:27:54+07:00: FROM: ::1 GET: /api/find?symbol=&expert=ran&tag=2.0 RETURN: 200
2020/07/24 01:28:04 [database.go] Begin
2020/07/24 01:28:04 [database.go] Create a database client
2020/07/24 01:28:04 [database.go] Create a connection to mongodb://warehouse_mongo:27017
2020/07/24 01:28:05 [api.go] Disconnect from database server
2020-07-24T01:28:05+07:00: FROM: ::1 GET: /api/find?symbol=appl&expert=ran&tag= RETURN: 200
2020/07/24 01:30:57 [server.go] Begin
2020/07/24 01:31:03 [database.go] Begin
2020/07/24 01:31:03 [database.go] Create a database client
2020/07/24 01:31:03 [database.go] Create a connection to mongodb://warehouse_mongo:27017
2020/07/24 01:31:03 [api.go] Disconnect from database server
2020-07-24T01:31:03+07:00: FROM: ::1 GET: /api/find?&expert=ran&tag= RETURN: 200
2020/07/24 01:31:10 [database.go] Begin
2020/07/24 01:31:10 [database.go] Create a database client
2020/07/24 01:31:10 [database.go] Create a connection to mongodb://warehouse_mongo:27017
2020/07/24 01:31:10 [api.go] Disconnect from database server
2020-07-24T01:31:10+07:00: FROM: ::1 GET: /api/find?expert=ran&tag= RETURN: 200
2020/07/24 01:31:45 [server.go] Begin
2020/07/24 01:31:48 [database.go] Begin
2020/07/24 01:31:48 [database.go] Create a database client
2020/07/24 01:31:48 [database.go] Create a connection to mongodb://warehouse_mongo:27017
2020/07/24 01:31:48 [api.go] Disconnect from database server
2020-07-24T01:31:48+07:00: FROM: ::1 GET: /api/find?expert=ran&tag= RETURN: 200
2020/07/24 01:32:30 [server.go] Begin
2020/07/24 01:32:32 [database.go] Begin
2020/07/24 01:32:32 [database.go] Create a database client
2020/07/24 01:32:32 [database.go] Create a connection to mongodb://warehouse_mongo:27017
2020/07/24 01:32:32 [api.go] (BadValue) $and must be an array
2020/07/24 01:32:32 [api.go] Disconnect from database server
2020-07-24T01:32:32+07:00: FROM: ::1 GET: /api/find?expert=ran&tag= RETURN: 404
2020-07-24T01:32:45+07:00: FROM: ::1 GET: /api/find/tag= RETURN: 404
2020/07/24 01:33:33 [server.go] Begin
2020-07-24T01:33:37+07:00: FROM: ::1 GET: /api/find/tag= RETURN: 404
2020/07/24 01:37:20 [server.go] Begin
2020/07/24 01:37:51 [server.go] Begin
2020/07/24 01:37:57 [server.go] Begin
2020-07-24T01:38:00+07:00: FROM: ::1 GET: /api/find/tag= RETURN: 404
2020/07/24 01:38:29 [server.go] Begin
2020/07/24 01:39:11 [server.go] Begin
2020/07/24 01:39:14 [database.go] Begin
2020/07/24 01:39:14 [database.go] Create a database client
2020/07/24 01:39:14 [database.go] Create a connection to mongodb://warehouse_mongo:27017
2020/07/24 01:39:14 [api.go] Disconnect from database server
2020-07-24T01:39:14+07:00: FROM: ::1 GET: /api/find?tag= RETURN: 200
2020/07/24 01:39:55 [server.go] Begin
2020/07/24 01:40:32 [server.go] Begin
2020-07-24T01:40:35+07:00: FROM: ::1 GET: /api/find?tag= RETURN: 400
2020/07/24 01:40:46 [database.go] Begin
2020/07/24 01:40:46 [database.go] Create a database client
2020/07/24 01:40:46 [database.go] Create a connection to mongodb://warehouse_mongo:27017
2020/07/24 01:40:46 [api.go] Disconnect from database server
2020-07-24T01:40:46+07:00: FROM: ::1 GET: /api/find?tag=&expert=us RETURN: 200
2020/07/24 01:40:52 [database.go] Begin
2020/07/24 01:40:52 [database.go] Create a database client
2020/07/24 01:40:52 [database.go] Create a connection to mongodb://warehouse_mongo:27017
2020/07/24 01:40:53 [api.go] Disconnect from database server
2020-07-24T01:40:53+07:00: FROM: ::1 GET: /api/find?tag=&expert=rn RETURN: 200
2020/07/24 01:40:55 [database.go] Begin
2020/07/24 01:40:55 [database.go] Create a database client
2020/07/24 01:40:55 [database.go] Create a connection to mongodb://warehouse_mongo:27017
2020/07/24 01:40:55 [api.go] Disconnect from database server
2020-07-24T01:40:55+07:00: FROM: ::1 GET: /api/find?tag=&expert=ran RETURN: 200
2020/07/24 01:43:33 [server.go] Begin
2020/07/24 01:43:45 [database.go] Begin
2020/07/24 01:43:45 [database.go] Create a database client
2020/07/24 01:43:45 [database.go] Create a connection to mongodb://warehouse_mongo:27017
2020/07/24 01:43:45 [api.go] Disconnect from database server
2020-07-24T01:43:45+07:00: FROM: ::1 GET: /api/find?tag=&expert=an RETURN: 404
2020/07/24 01:48:08 [server.go] Begin
2020/07/24 01:48:11 [database.go] Begin
2020/07/24 01:48:11 [database.go] Create a database client
2020/07/24 01:48:11 [database.go] Create a connection to mongodb://warehouse_mongo:27017
2020/07/24 01:48:11 [api.go] Disconnect from database server
2020-07-24T01:48:11+07:00: FROM: ::1 GET: /api/find?tag=&expert=an RETURN: 200
